[INFO] Scanning for projects...
[INFO] 
[INFO] ---------------------< com.diceduel:dice-duel-api >---------------------
[INFO] Building dice-duel-api 1.1.0
[INFO]   from pom.xml
[INFO] --------------------------------[ jar ]---------------------------------
[INFO] 
[INFO] >>> spring-boot:3.3.13:run (default-cli) > test-compile @ dice-duel-api >>>
[INFO] 
[INFO] --- resources:3.3.1:resources (default-resources) @ dice-duel-api ---
[INFO] Copying 1 resource from src\main\resources to target\classes
[INFO] Copying 1 resource from src\main\resources to target\classes
[INFO] 
[INFO] --- compiler:3.13.0:compile (default-compile) @ dice-duel-api ---
[INFO] Nothing to compile - all classes are up to date.
[INFO] 
[INFO] --- resources:3.3.1:testResources (default-testResources) @ dice-duel-api ---
[INFO] Copying 6 resources from src\test\resources to target\test-classes
[INFO] 
[INFO] --- compiler:3.13.0:testCompile (default-testCompile) @ dice-duel-api ---
[INFO] Nothing to compile - all classes are up to date.
[INFO] 
[INFO] <<< spring-boot:3.3.13:run (default-cli) < test-compile @ dice-duel-api <<<
[INFO] 
[INFO] 
[INFO] --- spring-boot:3.3.13:run (default-cli) @ dice-duel-api ---
[INFO] Attaching agents: []

  .   ____          _            __ _ _
 /\\ / ___'_ __ _ _(_)_ __  __ _ \ \ \ \
( ( )\___ | '_ | '_| | '_ \/ _` | \ \ \ \
 \\/  ___)| |_)| | | | | || (_| |  ) ) ) )
  '  |____| .__|_| |_|_| |_\__, | / / / /
 =========|_|==============|___/=/_/_/_/

 :: Spring Boot ::               (v3.3.13)

2026-05-19T00:51:05.256+03:00  INFO 31368 --- [dice-duel-api] [           main] com.diceduel.DiceDuelApplication         : Starting DiceDuelApplication using Java 21.0.8 with PID 31368 (D:\WEB\PW\backend\target\classes started by George in D:\WEB\PW\backend)
2026-05-19T00:51:05.264+03:00  INFO 31368 --- [dice-duel-api] [           main] com.diceduel.DiceDuelApplication         : No active profile set, falling back to 1 default profile: "default"
2026-05-19T00:51:05.980+03:00  INFO 31368 --- [dice-duel-api] [           main] .s.d.r.c.RepositoryConfigurationDelegate : Bootstrapping Spring Data JPA repositories in DEFAULT mode.
2026-05-19T00:51:06.052+03:00  INFO 31368 --- [dice-duel-api] [           main] .s.d.r.c.RepositoryConfigurationDelegate : Finished Spring Data repository scanning in 63 ms. Found 5 JPA repository interfaces.
2026-05-19T00:51:06.521+03:00  INFO 31368 --- [dice-duel-api] [           main] o.s.b.w.embedded.tomcat.TomcatWebServer  : Tomcat initialized with port 3000 (http)
2026-05-19T00:51:06.533+03:00  INFO 31368 --- [dice-duel-api] [           main] o.apache.catalina.core.StandardService   : Starting service [Tomcat]
2026-05-19T00:51:06.533+03:00  INFO 31368 --- [dice-duel-api] [           main] o.apache.catalina.core.StandardEngine    : Starting Servlet engine: [Apache Tomcat/10.1.42]
2026-05-19T00:51:06.574+03:00  INFO 31368 --- [dice-duel-api] [           main] o.a.c.c.C.[Tomcat].[localhost].[/]       : Initializing Spring embedded WebApplicationContext
2026-05-19T00:51:06.574+03:00  INFO 31368 --- [dice-duel-api] [           main] w.s.c.ServletWebServerApplicationContext : Root WebApplicationContext: initialization completed in 1274 ms
2026-05-19T00:51:06.682+03:00  INFO 31368 --- [dice-duel-api] [           main] o.hibernate.jpa.internal.util.LogHelper  : HHH000204: Processing PersistenceUnitInfo [name: default]
2026-05-19T00:51:06.718+03:00  INFO 31368 --- [dice-duel-api] [           main] org.hibernate.Version                    : HHH000412: Hibernate ORM core version 6.5.3.Final
2026-05-19T00:51:06.735+03:00  INFO 31368 --- [dice-duel-api] [           main] o.h.c.internal.RegionFactoryInitiator    : HHH000026: Second-level cache disabled
2026-05-19T00:51:06.932+03:00  INFO 31368 --- [dice-duel-api] [           main] o.s.o.j.p.SpringPersistenceUnitInfo      : No LoadTimeWeaver setup: ignoring JPA class transformer
2026-05-19T00:51:06.957+03:00  INFO 31368 --- [dice-duel-api] [           main] com.zaxxer.hikari.HikariDataSource       : HikariPool-1 - Starting...
2026-05-19T00:51:07.090+03:00  INFO 31368 --- [dice-duel-api] [           main] com.zaxxer.hikari.pool.HikariPool        : HikariPool-1 - Added connection conn0: url=jdbc:h2:mem:diceduel user=SA
2026-05-19T00:51:07.090+03:00  INFO 31368 --- [dice-duel-api] [           main] com.zaxxer.hikari.HikariDataSource       : HikariPool-1 - Start completed.
2026-05-19T00:51:07.989+03:00  INFO 31368 --- [dice-duel-api] [           main] o.h.e.t.j.p.i.JtaPlatformInitiator       : HHH000489: No JTA platform available (set 'hibernate.transaction.jta.platform' to enable JTA platform integration)
2026-05-19T00:51:08.082+03:00  INFO 31368 --- [dice-duel-api] [           main] j.LocalContainerEntityManagerFactoryBean : Initialized JPA EntityManagerFactory for persistence unit 'default'
2026-05-19T00:51:08.932+03:00  INFO 31368 --- [dice-duel-api] [           main] o.s.b.a.h2.H2ConsoleAutoConfiguration    : H2 console available at '/h2-console'. Database available at 'jdbc:h2:mem:diceduel'
2026-05-19T00:51:09.012+03:00  INFO 31368 --- [dice-duel-api] [           main] o.s.b.w.embedded.tomcat.TomcatWebServer  : Tomcat started on port 3000 (http) with context path '/'
2026-05-19T00:51:09.019+03:00  INFO 31368 --- [dice-duel-api] [           main] com.diceduel.DiceDuelApplication         : Started DiceDuelApplication in 4.117 seconds (process running for 4.431)
2026-05-19T00:52:05.712+03:00  INFO 31368 --- [dice-duel-api] [nio-3000-exec-1] o.a.c.c.C.[Tomcat].[localhost].[/]       : Initializing Spring DispatcherServlet 'dispatcherServlet'
2026-05-19T00:52:05.712+03:00  INFO 31368 --- [dice-duel-api] [nio-3000-exec-1] o.s.web.servlet.DispatcherServlet        : Initializing Servlet 'dispatcherServlet'
2026-05-19T00:52:05.712+03:00  INFO 31368 --- [dice-duel-api] [nio-3000-exec-1] o.s.web.servlet.DispatcherServlet        : Completed initialization in 0 ms
2026-05-19T00:55:37.403+03:00  WARN 31368 --- [dice-duel-api] [l-1 housekeeper] com.zaxxer.hikari.pool.HikariPool        : HikariPool-1 - Thread starvation or clock leap detected (housekeeper delta=1m30s175ms729µs800ns).
[INFO] ------------------------------------------------------------------------
[INFO] BUILD FAILURE
[INFO] ------------------------------------------------------------------------
[INFO] Total time:  30:44 min
[INFO] Finished at: 2026-05-19T01:21:44+03:00
[INFO] ------------------------------------------------------------------------
[ERROR] Failed to execute goal org.springframework.boot:spring-boot-maven-plugin:3.3.13:run (default-cli) on project dice-duel-api: Process terminated with exit code: -1 -> [Help 1]
[ERROR] 
[ERROR] To see the full stack trace of the errors, re-run Maven with the -e switch.
[ERROR] Re-run Maven using the -X switch to enable full debug logging.
[ERROR] 
[ERROR] For more information about the errors and possible solutions, please read the following articles:
[ERROR] [Help 1] http://cwiki.apache.org/confluence/display/MAVEN/MojoExecutionException
